Vivado Simulator 2020.1
Time resolution is 1 ps
Note: Test passed
Time: 0 ps  Iteration: 0  Process: /test/line__66  File: D:/University/7/Electronica Digital I/Laboratorio/Practica2/vivadoProject/Practica1-2/Practica1-2.srcs/sim_1/new/test.vhd
Note: Test passed
Time: 10 ns  Iteration: 0  Process: /test/line__66  File: D:/University/7/Electronica Digital I/Laboratorio/Practica2/vivadoProject/Practica1-2/Practica1-2.srcs/sim_1/new/test.vhd
Error: Test failed
Time: 20 ns  Iteration: 0  Process: /test/line__66  File: D:/University/7/Electronica Digital I/Laboratorio/Practica2/vivadoProject/Practica1-2/Practica1-2.srcs/sim_1/new/test.vhd
Note: Test passed
Time: 30 ns  Iteration: 0  Process: /test/line__66  File: D:/University/7/Electronica Digital I/Laboratorio/Practica2/vivadoProject/Practica1-2/Practica1-2.srcs/sim_1/new/test.vhd
Error: Test failed
Time: 40 ns  Iteration: 0  Process: /test/line__66  File: D:/University/7/Electronica Digital I/Laboratorio/Practica2/vivadoProject/Practica1-2/Practica1-2.srcs/sim_1/new/test.vhd
Note: Test passed
Time: 50 ns  Iteration: 0  Process: /test/line__66  File: D:/University/7/Electronica Digital I/Laboratorio/Practica2/vivadoProject/Practica1-2/Practica1-2.srcs/sim_1/new/test.vhd
Error: Test failed
Time: 60 ns  Iteration: 0  Process: /test/line__66  File: D:/University/7/Electronica Digital I/Laboratorio/Practica2/vivadoProject/Practica1-2/Practica1-2.srcs/sim_1/new/test.vhd
Note: Test passed
Time: 70 ns  Iteration: 0  Process: /test/line__66  File: D:/University/7/Electronica Digital I/Laboratorio/Practica2/vivadoProject/Practica1-2/Practica1-2.srcs/sim_1/new/test.vhd
Note: Test passed
Time: 80 ns  Iteration: 0  Process: /test/line__66  File: D:/University/7/Electronica Digital I/Laboratorio/Practica2/vivadoProject/Practica1-2/Practica1-2.srcs/sim_1/new/test.vhd
