Vivado Simulator 2020.1
Copyright 1986-1999, 2001-2020 Xilinx, Inc. All Rights Reserved.
Running: D:/Programs/Vivado/Vivado/2020.1/bin/unwrapped/win64.o/xelab.exe -wto 05b9415faf9a4575834807cef093a406 --incr --debug typical --relax --mt 2 -L xil_defaultlib -L unisims_ver -L secureip --snapshot test_func_synth xil_defaultlib.test xil_defaultlib.glbl -log elaborate.log 
Using 2 slave threads.
Starting static elaboration
Pass Through NonSizing Optimizer
Completed static elaboration
Starting simulation data flow analysis
Completed simulation data flow analysis
Time Resolution for simulation is 1ps
Compiling package std.standard
Compiling package std.textio
Compiling package ieee.std_logic_1164
Compiling package ieee.std_logic_arith
Compiling package ieee.std_logic_unsigned
Compiling package ieee.numeric_std
Compiling package ieee.std_logic_textio
Compiling package unisim.vcomponents
Compiling package vl.vl_types
Compiling module xil_defaultlib.glbl
Compiling architecture behavioral of entity xil_defaultlib.behavioral [behavioral_default]
Compiling module unisims_ver.OBUFT
Compiling module xil_defaultlib.structural
Compiling architecture behavioral of entity xil_defaultlib.dataFlow [dataflow_default]
Compiling architecture behavior of entity xil_defaultlib.test
Built simulation snapshot test_func_synth
