Vivado Simulator 2020.1
Time resolution is 1 ps
Note: Test passed
Time: 0 ps  Iteration: 0  Process: /test/line__66  File: D:/University/7/Electronica Digital I/Laboratorio/Practica2/vivadoProject/Practica1-2/Practica1-2.srcs/sim_1/new/test.vhd
Note: Test passed
Time: 100 ns  Iteration: 0  Process: /test/line__66  File: D:/University/7/Electronica Digital I/Laboratorio/Practica2/vivadoProject/Practica1-2/Practica1-2.srcs/sim_1/new/test.vhd
Note: Test passed
Time: 200 ns  Iteration: 0  Process: /test/line__66  File: D:/University/7/Electronica Digital I/Laboratorio/Practica2/vivadoProject/Practica1-2/Practica1-2.srcs/sim_1/new/test.vhd
Note: Test passed
Time: 300 ns  Iteration: 0  Process: /test/line__66  File: D:/University/7/Electronica Digital I/Laboratorio/Practica2/vivadoProject/Practica1-2/Practica1-2.srcs/sim_1/new/test.vhd
Note: Test passed
Time: 400 ns  Iteration: 0  Process: /test/line__66  File: D:/University/7/Electronica Digital I/Laboratorio/Practica2/vivadoProject/Practica1-2/Practica1-2.srcs/sim_1/new/test.vhd
Note: Test passed
Time: 500 ns  Iteration: 0  Process: /test/line__66  File: D:/University/7/Electronica Digital I/Laboratorio/Practica2/vivadoProject/Practica1-2/Practica1-2.srcs/sim_1/new/test.vhd
Note: Test passed
Time: 600 ns  Iteration: 0  Process: /test/line__66  File: D:/University/7/Electronica Digital I/Laboratorio/Practica2/vivadoProject/Practica1-2/Practica1-2.srcs/sim_1/new/test.vhd
Note: Test passed
Time: 700 ns  Iteration: 0  Process: /test/line__66  File: D:/University/7/Electronica Digital I/Laboratorio/Practica2/vivadoProject/Practica1-2/Practica1-2.srcs/sim_1/new/test.vhd
Note: Test passed
Time: 800 ns  Iteration: 0  Process: /test/line__66  File: D:/University/7/Electronica Digital I/Laboratorio/Practica2/vivadoProject/Practica1-2/Practica1-2.srcs/sim_1/new/test.vhd
